<testsuites id="" name="" tests="208" failures="10" skipped="0" errors="4" time="496.16617099999996">
<testsuite name="accessibility/accessibility.spec.ts" timestamp="2026-06-28T09:48:35.793Z" hostname="chromium" tests="16" failures="1" skipped="0" time="441.092" errors="3">
<testcase name="Accessibility › Keyboard Navigation › should support full keyboard navigation" classname="accessibility/accessibility.spec.ts" time="89.386">
</testcase>
<testcase name="Accessibility › Keyboard Navigation › should handle Shift+Tab for reverse navigation" classname="accessibility/accessibility.spec.ts" time="82.592">
<system-out>
<![CDATA[
[[ATTACHMENT|test-results/accessibility-accessibilit-09bb0--Tab-for-reverse-navigation-chromium/test-failed-1.png]]

[[ATTACHMENT|test-results/accessibility-accessibilit-09bb0--Tab-for-reverse-navigation-chromium/error-context.md]]
]]>
</system-out>
<error message="Tearing down &quot;context&quot; exceeded the test timeout of 60000ms." type="Error">
<![CDATA[  [chromium] › accessibility/accessibility.spec.ts:28:9 › Accessibility › Keyboard Navigation › should handle Shift+Tab for reverse navigation 

    Tearing down "context" exceeded the test timeout of 60000ms.

    Error: browserContext.close: Test ended.
    Browser logs:

    <launching> /Users/rohitagrawal/Library/Caches/ms-playwright/chromium_headless_shell-1228/chrome-headless-shell-mac-arm64/chrome-headless-shell --disable-field-trial-config --disable-background-networking --disable-background-timer-throttling --disable-backgrounding-occluded-windows --disable-back-forward-cache --disable-breakpad --disable-client-side-phishing-detection --disable-component-extensions-with-background-pages --disable-component-update --no-default-browser-check --disable-default-apps --disable-dev-shm-usage --disable-edgeupdater --disable-extensions --disable-features=AvoidUnnecessaryBeforeUnloadCheckSync,BoundaryEventDispatchTracksNodeRemoval,DestroyProfileOnBrowserClose,DialMediaRouteProvider,GlobalMediaControls,HttpsUpgrades,LensOverlay,MediaRouter,PaintHolding,ThirdPartyStoragePartitioning,Translate,AutoDeElevate,RenderDocument,OptimizationHints,msForceBrowserSignIn,msEdgeUpdateLaunchServicesPreferredVersion --enable-features=CDPScreenshotNewSurface --allow-pre-commit-input --disable-hang-monitor --disable-ipc-flooding-protection --disable-popup-blocking --disable-prompt-on-repost --disable-renderer-backgrounding --force-color-profile=srgb --metrics-recording-only --no-first-run --password-store=basic --use-mock-keychain --no-service-autorun --export-tagged-pdf --disable-search-engine-choice-screen --unsafely-disable-devtools-self-xss-warnings --edge-skip-compat-layer-relaunch --disable-infobars --disable-search-engine-choice-screen --disable-sync --enable-unsafe-swiftshader --headless --hide-scrollbars --mute-audio --blink-settings=primaryHoverType=2,availableHoverTypes=2,primaryPointerType=4,availablePointerTypes=4 --no-sandbox --user-data-dir=/var/folders/yl/0fvw9wds6q78z1ppln9q_bdh0000gn/T/playwright_chromiumdev_profile-5DkkZy --remote-debugging-pipe --no-startup-window
    <launched> pid=75680
    [pid=75680] <gracefully close start>

    attachment #1: screenshot (image/png) ──────────────────────────────────────────────────────────
    ../test-results/accessibility-accessibilit-09bb0--Tab-for-reverse-navigation-chromium/test-failed-1.png
    ────────────────────────────────────────────────────────────────────────────────────────────────

    Error Context: ../test-results/accessibility-accessibilit-09bb0--Tab-for-reverse-navigation-chromium/error-context.md
]]>
</error>
</testcase>
<testcase name="Accessibility › Keyboard Navigation › should allow Enter key to activate elements" classname="accessibility/accessibility.spec.ts" time="85.007">
</testcase>
<testcase name="Accessibility › Keyboard Navigation › Screen Reader Support › should have proper ARIA landmarks" classname="accessibility/accessibility.spec.ts" time="80.236">
<system-out>
<![CDATA[
[[ATTACHMENT|test-results/accessibility-accessibilit-84cfa--have-proper-ARIA-landmarks-chromium/test-failed-1.png]]

[[ATTACHMENT|test-results/accessibility-accessibilit-84cfa--have-proper-ARIA-landmarks-chromium/error-context.md]]
]]>
</system-out>
<error message="Tearing down &quot;context&quot; exceeded the test timeout of 60000ms." type="Error">
<![CDATA[  [chromium] › accessibility/accessibility.spec.ts:56:11 › Accessibility › Keyboard Navigation › Screen Reader Support › should have proper ARIA landmarks 

    Tearing down "context" exceeded the test timeout of 60000ms.

    Error: browserContext.close: Test ended.
    Browser logs:

    <launching> /Users/rohitagrawal/Library/Caches/ms-playwright/chromium_headless_shell-1228/chrome-headless-shell-mac-arm64/chrome-headless-shell --disable-field-trial-config --disable-background-networking --disable-background-timer-throttling --disable-backgrounding-occluded-windows --disable-back-forward-cache --disable-breakpad --disable-client-side-phishing-detection --disable-component-extensions-with-background-pages --disable-component-update --no-default-browser-check --disable-default-apps --disable-dev-shm-usage --disable-edgeupdater --disable-extensions --disable-features=AvoidUnnecessaryBeforeUnloadCheckSync,BoundaryEventDispatchTracksNodeRemoval,DestroyProfileOnBrowserClose,DialMediaRouteProvider,GlobalMediaControls,HttpsUpgrades,LensOverlay,MediaRouter,PaintHolding,ThirdPartyStoragePartitioning,Translate,AutoDeElevate,RenderDocument,OptimizationHints,msForceBrowserSignIn,msEdgeUpdateLaunchServicesPreferredVersion --enable-features=CDPScreenshotNewSurface --allow-pre-commit-input --disable-hang-monitor --disable-ipc-flooding-protection --disable-popup-blocking --disable-prompt-on-repost --disable-renderer-backgrounding --force-color-profile=srgb --metrics-recording-only --no-first-run --password-store=basic --use-mock-keychain --no-service-autorun --export-tagged-pdf --disable-search-engine-choice-screen --unsafely-disable-devtools-self-xss-warnings --edge-skip-compat-layer-relaunch --disable-infobars --disable-search-engine-choice-screen --disable-sync --enable-unsafe-swiftshader --headless --hide-scrollbars --mute-audio --blink-settings=primaryHoverType=2,availableHoverTypes=2,primaryPointerType=4,availablePointerTypes=4 --no-sandbox --user-data-dir=/var/folders/yl/0fvw9wds6q78z1ppln9q_bdh0000gn/T/playwright_chromiumdev_profile-a3x5SG --remote-debugging-pipe --no-startup-window
    <launched> pid=75677
    [pid=75677] <gracefully close start>

    attachment #1: screenshot (image/png) ──────────────────────────────────────────────────────────
    ../test-results/accessibility-accessibilit-84cfa--have-proper-ARIA-landmarks-chromium/test-failed-1.png
    ────────────────────────────────────────────────────────────────────────────────────────────────

    Error Context: ../test-results/accessibility-accessibilit-84cfa--have-proper-ARIA-landmarks-chromium/error-context.md
]]>
</error>
</testcase>
<testcase name="Accessibility › Keyboard Navigation › Screen Reader Support › should have proper labels for form elements" classname="accessibility/accessibility.spec.ts" time="73.17">
<system-out>
<![CDATA[
[[ATTACHMENT|test-results/accessibility-accessibilit-b6dd6-er-labels-for-form-elements-chromium/test-failed-1.png]]

[[ATTACHMENT|test-results/accessibility-accessibilit-b6dd6-er-labels-for-form-elements-chromium/error-context.md]]

[[ATTACHMENT|test-results/accessibility-accessibilit-b6dd6-er-labels-for-form-elements-chromium/video.webm]]
]]>
</system-out>
<error message="Tearing down &quot;context&quot; exceeded the test timeout of 60000ms." type="Error">
<![CDATA[  [chromium] › accessibility/accessibility.spec.ts:67:11 › Accessibility › Keyboard Navigation › Screen Reader Support › should have proper labels for form elements 

    Tearing down "context" exceeded the test timeout of 60000ms.

    attachment #1: screenshot (image/png) ──────────────────────────────────────────────────────────
    ../test-results/accessibility-accessibilit-b6dd6-er-labels-for-form-elements-chromium/test-failed-1.png
    ────────────────────────────────────────────────────────────────────────────────────────────────

    Error Context: ../test-results/accessibility-accessibilit-b6dd6-er-labels-for-form-elements-chromium/error-context.md

    attachment #3: video (video/webm) ──────────────────────────────────────────────────────────────
    ../test-results/accessibility-accessibilit-b6dd6-er-labels-for-form-elements-chromium/video.webm
    ────────────────────────────────────────────────────────────────────────────────────────────────
]]>
</error>
</testcase>
<testcase name="Accessibility › Keyboard Navigation › Screen Reader Support › should announce button states properly" classname="accessibility/accessibility.spec.ts" time="3.276">
</testcase>
<testcase name="Accessibility › Color and Contrast › Light Theme › should have sufficient contrast for text" classname="accessibility/accessibility.spec.ts" time="2.636">
</testcase>
<testcase name="Accessibility › Color and Contrast › Dark Theme › should have sufficient contrast in dark mode" classname="accessibility/accessibility.spec.ts" time="2.833">
</testcase>
<testcase name="Accessibility › Focus Management › should maintain focus on interaction" classname="accessibility/accessibility.spec.ts" time="2.896">
</testcase>
<testcase name="Accessibility › Focus Management › should manage focus in modals" classname="accessibility/accessibility.spec.ts" time="3.084">
</testcase>
<testcase name="Accessibility › Error Messages › should display error messages properly" classname="accessibility/accessibility.spec.ts" time="4.164">
</testcase>
<testcase name="Accessibility › Error Messages › should have visible error indicators" classname="accessibility/accessibility.spec.ts" time="3.135">
</testcase>
<testcase name="Accessibility › Responsive Accessibility › should be accessible on mobile devices" classname="accessibility/accessibility.spec.ts" time="2.449">
<system-out>
<![CDATA[
[[ATTACHMENT|test-results/accessibility-accessibilit-c1f20-ccessible-on-mobile-devices-chromium/test-failed-1.png]]

[[ATTACHMENT|test-results/accessibility-accessibilit-c1f20-ccessible-on-mobile-devices-chromium/video.webm]]

[[ATTACHMENT|test-results/accessibility-accessibilit-c1f20-ccessible-on-mobile-devices-chromium/error-context.md]]
]]>
</system-out>
<failure message="expect(received).toBeGreaterThan(expected)" type="expect.toBeGreaterThan">
<![CDATA[  [chromium] › accessibility/accessibility.spec.ts:175:9 › Accessibility › Responsive Accessibility › should be accessible on mobile devices 

    Error: expect(received).toBeGreaterThan(expected)

    Expected: > 43
    Received:   26.9375

      186 |         if (boundingBox) {
      187 |           // Minimum tap target size: 44x44
    > 188 |           expect(boundingBox.width).toBeGreaterThan(43);
          |                                     ^
      189 |           expect(boundingBox.height).toBeGreaterThan(43);
      190 |         }
      191 |       }
        at /Users/rohitagrawal/Documents/Projects/quorum-ai/e2e/tests/accessibility/accessibility.spec.ts:188:37

    attachment #1: screenshot (image/png) ──────────────────────────────────────────────────────────
    ../test-results/accessibility-accessibilit-c1f20-ccessible-on-mobile-devices-chromium/test-failed-1.png
    ────────────────────────────────────────────────────────────────────────────────────────────────

    attachment #2: video (video/webm) ──────────────────────────────────────────────────────────────
    ../test-results/accessibility-accessibilit-c1f20-ccessible-on-mobile-devices-chromium/video.webm
    ────────────────────────────────────────────────────────────────────────────────────────────────

    Error Context: ../test-results/accessibility-accessibilit-c1f20-ccessible-on-mobile-devices-chromium/error-context.md
]]>
</failure>
</testcase>
<testcase name="Accessibility › Responsive Accessibility › should be accessible on tablets" classname="accessibility/accessibility.spec.ts" time="2.163">
</testcase>
<testcase name="Accessibility › Performance › Fast enough for accessibility › should respond quickly to keyboard input" classname="accessibility/accessibility.spec.ts" time="2.103">
</testcase>
<testcase name="Accessibility › Performance › Fast enough for accessibility › should not have unnecessary animations" classname="accessibility/accessibility.spec.ts" time="1.962">
</testcase>
</testsuite>
<testsuite name="api-mocking/api-mocking.spec.ts" timestamp="2026-06-28T09:48:35.793Z" hostname="chromium" tests="9" failures="1" skipped="0" time="148.808" errors="0">
<testcase name="Network Mocking › API Response Mocking › should handle slow API responses gracefully" classname="api-mocking/api-mocking.spec.ts" time="16.519">
<system-out>
<![CDATA[
[[ATTACHMENT|test-results/api-mocking-api-mocking-Ne-70d87-ow-API-responses-gracefully-chromium/test-failed-1.png]]

[[ATTACHMENT|test-results/api-mocking-api-mocking-Ne-70d87-ow-API-responses-gracefully-chromium/video.webm]]

[[ATTACHMENT|test-results/api-mocking-api-mocking-Ne-70d87-ow-API-responses-gracefully-chromium/error-context.md]]
]]>
</system-out>
<failure message="expect(locator).toBeVisible() failed" type="expect.toBeVisible">
<![CDATA[  [chromium] › api-mocking/api-mocking.spec.ts:16:9 › Network Mocking › API Response Mocking › should handle slow API responses gracefully 

    Error: expect(locator).toBeVisible() failed

    Locator:  locator('#cost-confirmation-message')
    Expected: visible
    Received: hidden
    Timeout:  5000ms

    Call log:
      - Expect "toBeVisible" with timeout 5000ms
      - waiting for locator('#cost-confirmation-message')
        9 × locator resolved to <div class="callout-message" id="cost-confirmation-message"></div>
          - unexpected value "hidden"


      29 |       await expect(
      30 |         page.locator("#cost-confirmation-message")
    > 31 |       ).toBeVisible({ timeout: 5000 });
         |         ^
      32 |     });
      33 |
      34 |     test("should display cost when mocked", async ({ page }) => {
        at /Users/rohitagrawal/Documents/Projects/quorum-ai/e2e/tests/api-mocking/api-mocking.spec.ts:31:9

    attachment #1: screenshot (image/png) ──────────────────────────────────────────────────────────
    ../test-results/api-mocking-api-mocking-Ne-70d87-ow-API-responses-gracefully-chromium/test-failed-1.png
    ────────────────────────────────────────────────────────────────────────────────────────────────

    attachment #2: video (video/webm) ──────────────────────────────────────────────────────────────
    ../test-results/api-mocking-api-mocking-Ne-70d87-ow-API-responses-gracefully-chromium/video.webm
    ────────────────────────────────────────────────────────────────────────────────────────────────

    Error Context: ../test-results/api-mocking-api-mocking-Ne-70d87-ow-API-responses-gracefully-chromium/error-context.md
]]>
</failure>
</testcase>
<testcase name="Network Mocking › API Response Mocking › should display cost when mocked" classname="api-mocking/api-mocking.spec.ts" time="15.174">
</testcase>
<testcase name="Network Mocking › API Response Mocking › should handle model unavailability" classname="api-mocking/api-mocking.spec.ts" time="14.857">
</testcase>
<testcase name="Network Mocking › Error State Mocking › should show user-friendly error on 500" classname="api-mocking/api-mocking.spec.ts" time="2.692">
</testcase>
<testcase name="Network Mocking › Error State Mocking › should show user-friendly error on 403" classname="api-mocking/api-mocking.spec.ts" time="15.198">
</testcase>
<testcase name="Network Mocking › Error State Mocking › should handle network failures" classname="api-mocking/api-mocking.spec.ts" time="64.554">
</testcase>
<testcase name="Network Mocking › Error State Mocking › should handle timeout errors" classname="api-mocking/api-mocking.spec.ts" time="6.563">
</testcase>
<testcase name="Network Mocking › Request Modification › should log outgoing requests" classname="api-mocking/api-mocking.spec.ts" time="6.728">
</testcase>
<testcase name="Network Mocking › Request Modification › should verify request payload structure" classname="api-mocking/api-mocking.spec.ts" time="6.523">
</testcase>
</testsuite>
<testsuite name="navigation/navigation.spec.ts" timestamp="2026-06-28T09:48:35.793Z" hostname="chromium" tests="10" failures="0" skipped="0" time="0.613" errors="0">
<testcase name="Navigation and API › Root Navigation › should have working root endpoint" classname="navigation/navigation.spec.ts" time="0.067">
</testcase>
<testcase name="Navigation and API › Root Navigation › should have working health endpoint" classname="navigation/navigation.spec.ts" time="0.034">
</testcase>
<testcase name="Navigation and API › Root Navigation › should have working ready endpoint" classname="navigation/navigation.spec.ts" time="0.042">
</testcase>
<testcase name="Navigation and API › Root Navigation › should have working UI endpoint" classname="navigation/navigation.spec.ts" time="0.115">
</testcase>
<testcase name="Navigation and API › Root Navigation › should have docs endpoint" classname="navigation/navigation.spec.ts" time="0.129">
</testcase>
<testcase name="Navigation and API › API Endpoints › should return model defaults" classname="navigation/navigation.spec.ts" time="0.051">
</testcase>
<testcase name="Navigation and API › API Endpoints › should accept query run estimates" classname="navigation/navigation.spec.ts" time="0.023">
</testcase>
<testcase name="Navigation and API › API Endpoints › should accept query runs" classname="navigation/navigation.spec.ts" time="0.062">
</testcase>
<testcase name="Navigation and API › API Error Handling › should handle 404 gracefully" classname="navigation/navigation.spec.ts" time="0.033">
</testcase>
<testcase name="Navigation and API › API Error Handling › should handle malformed requests" classname="navigation/navigation.spec.ts" time="0.057">
</testcase>
</testsuite>
<testsuite name="workspace/workspace.spec.ts" timestamp="2026-06-28T09:48:35.793Z" hostname="chromium" tests="17" failures="1" skipped="0" time="488.214" errors="0">
<testcase name="Quorum-AI Workspace › should load the workspace page with all expected elements" classname="workspace/workspace.spec.ts" time="64.467">
</testcase>
<testcase name="Quorum-AI Workspace › Question Input › should allow typing questions" classname="workspace/workspace.spec.ts" time="48.071">
</testcase>
<testcase name="Quorum-AI Workspace › Question Input › should handle very long questions" classname="workspace/workspace.spec.ts" time="49.926">
</testcase>
<testcase name="Quorum-AI Workspace › Question Input › Keyboard Shortcuts › should accept Ctrl+Enter for submission" classname="workspace/workspace.spec.ts" time="21.78">
</testcase>
<testcase name="Quorum-AI Workspace › Question Input › Keyboard Shortcuts › should accept Cmd+Enter on Mac for submission" classname="workspace/workspace.spec.ts" time="24.243">
<system-out>
<![CDATA[
[[ATTACHMENT|test-results/workspace-workspace-Quorum-26387-Enter-on-Mac-for-submission-chromium/test-failed-1.png]]

[[ATTACHMENT|test-results/workspace-workspace-Quorum-26387-Enter-on-Mac-for-submission-chromium/video.webm]]

[[ATTACHMENT|test-results/workspace-workspace-Quorum-26387-Enter-on-Mac-for-submission-chromium/error-context.md]]
]]>
</system-out>
<failure message="expect(locator).toBeVisible() failed" type="expect.toBeVisible">
<![CDATA[  [chromium] › workspace/workspace.spec.ts:63:11 › Quorum-AI Workspace › Question Input › Keyboard Shortcuts › should accept Cmd+Enter on Mac for submission 

    Error: expect(locator).toBeVisible() failed

    Locator: getByText(/Initial answers running|Synthesising/i)
    Expected: visible
    Timeout: 5000ms
    Error: element(s) not found

    Call log:
      - Expect "toBeVisible" with timeout 5000ms
      - waiting for getByText(/Initial answers running|Synthesising/i)


      67 |
      68 |         // Check for response
    > 69 |         await expect(page.getByText(/Initial answers running|Synthesising/i)).toBeVisible({
         |                                                                               ^
      70 |           timeout: 5000,
      71 |         });
      72 |       });
        at /Users/rohitagrawal/Documents/Projects/quorum-ai/e2e/tests/workspace/workspace.spec.ts:69:79

    attachment #1: screenshot (image/png) ──────────────────────────────────────────────────────────
    ../test-results/workspace-workspace-Quorum-26387-Enter-on-Mac-for-submission-chromium/test-failed-1.png
    ────────────────────────────────────────────────────────────────────────────────────────────────

    attachment #2: video (video/webm) ──────────────────────────────────────────────────────────────
    ../test-results/workspace-workspace-Quorum-26387-Enter-on-Mac-for-submission-chromium/video.webm
    ────────────────────────────────────────────────────────────────────────────────────────────────

    Error Context: ../test-results/workspace-workspace-Quorum-26387-Enter-on-Mac-for-submission-chromium/error-context.md
]]>
</failure>
</testcase>
<testcase name="Quorum-AI Workspace › Theme Functionality › should toggle between light and dark themes" classname="workspace/workspace.spec.ts" time="21.879">
</testcase>
<testcase name="Quorum-AI Workspace › Theme Functionality › should have proper contrast in both themes" classname="workspace/workspace.spec.ts" time="8.525">
</testcase>
<testcase name="Quorum-AI Workspace › Cost Estimation › should display cost estimates" classname="workspace/workspace.spec.ts" time="8.068">
</testcase>
<testcase name="Quorum-AI Workspace › Cost Estimation › should show cost info tooltip" classname="workspace/workspace.spec.ts" time="20.104">
</testcase>
<testcase name="Quorum-AI Workspace › Error Handling › should display error banner when errors occur" classname="workspace/workspace.spec.ts" time="21.016">
</testcase>
<testcase name="Quorum-AI Workspace › Error Handling › should dismiss error banners" classname="workspace/workspace.spec.ts" time="21.134">
</testcase>
<testcase name="Quorum-AI Workspace › Catalog Drift › should show catalog drift warning when models drift" classname="workspace/workspace.spec.ts" time="40.169">
</testcase>
<testcase name="Quorum-AI Workspace › Catalog Drift › should dismiss drift warning" classname="workspace/workspace.spec.ts" time="44.259">
</testcase>
<testcase name="Quorum-AI Workspace › Accessibility › should have all interactive elements accessible" classname="workspace/workspace.spec.ts" time="47.886">
</testcase>
<testcase name="Quorum-AI Workspace › Accessibility › should support keyboard navigation" classname="workspace/workspace.spec.ts" time="39.491">
</testcase>
<testcase name="Quorum-AI Workspace › Responsive Design › should work on mobile viewport" classname="workspace/workspace.spec.ts" time="2.799">
</testcase>
<testcase name="Quorum-AI Workspace › Responsive Design › should work on tablet viewport" classname="workspace/workspace.spec.ts" time="4.397">
</testcase>
</testsuite>
<testsuite name="accessibility/accessibility.spec.ts" timestamp="2026-06-28T09:48:35.793Z" hostname="firefox" tests="16" failures="1" skipped="0" time="95.56" errors="0">
<testcase name="Accessibility › Keyboard Navigation › should support full keyboard navigation" classname="accessibility/accessibility.spec.ts" time="8.484">
</testcase>
<testcase name="Accessibility › Keyboard Navigation › should handle Shift+Tab for reverse navigation" classname="accessibility/accessibility.spec.ts" time="5.924">
</testcase>
<testcase name="Accessibility › Keyboard Navigation › should allow Enter key to activate elements" classname="accessibility/accessibility.spec.ts" time="9.802">
</testcase>
<testcase name="Accessibility › Keyboard Navigation › Screen Reader Support › should have proper ARIA landmarks" classname="accessibility/accessibility.spec.ts" time="8.76">
</testcase>
<testcase name="Accessibility › Keyboard Navigation › Screen Reader Support › should have proper labels for form elements" classname="accessibility/accessibility.spec.ts" time="9.657">
</testcase>
<testcase name="Accessibility › Keyboard Navigation › Screen Reader Support › should announce button states properly" classname="accessibility/accessibility.spec.ts" time="6.717">
</testcase>
<testcase name="Accessibility › Color and Contrast › Light Theme › should have sufficient contrast for text" classname="accessibility/accessibility.spec.ts" time="5.222">
</testcase>
<testcase name="Accessibility › Color and Contrast › Dark Theme › should have sufficient contrast in dark mode" classname="accessibility/accessibility.spec.ts" time="5.495">
</testcase>
<testcase name="Accessibility › Focus Management › should maintain focus on interaction" classname="accessibility/accessibility.spec.ts" time="6.022">
</testcase>
<testcase name="Accessibility › Focus Management › should manage focus in modals" classname="accessibility/accessibility.spec.ts" time="5.805">
</testcase>
<testcase name="Accessibility › Error Messages › should display error messages properly" classname="accessibility/accessibility.spec.ts" time="5.883">
</testcase>
<testcase name="Accessibility › Error Messages › should have visible error indicators" classname="accessibility/accessibility.spec.ts" time="3.198">
</testcase>
<testcase name="Accessibility › Responsive Accessibility › should be accessible on mobile devices" classname="accessibility/accessibility.spec.ts" time="4.232">
</testcase>
<testcase name="Accessibility › Responsive Accessibility › should be accessible on tablets" classname="accessibility/accessibility.spec.ts" time="3.768">
</testcase>
<testcase name="Accessibility › Performance › Fast enough for accessibility › should respond quickly to keyboard input" classname="accessibility/accessibility.spec.ts" time="3.524">
<system-out>
<![CDATA[
[[ATTACHMENT|test-results/accessibility-accessibilit-a4eb6-d-quickly-to-keyboard-input-firefox/test-failed-1.png]]

[[ATTACHMENT|test-results/accessibility-accessibilit-a4eb6-d-quickly-to-keyboard-input-firefox/video.webm]]

[[ATTACHMENT|test-results/accessibility-accessibilit-a4eb6-d-quickly-to-keyboard-input-firefox/error-context.md]]
]]>
</system-out>
<failure message="expect(received).toBeLessThan(expected)" type="expect.toBeLessThan">
<![CDATA[  [firefox] › accessibility/accessibility.spec.ts:205:11 › Accessibility › Performance › Fast enough for accessibility › should respond quickly to keyboard input 

    Error: expect(received).toBeLessThan(expected)

    Expected: < 100
    Received:   247

      209 |
      210 |         // Should focus within 100ms
    > 211 |         expect(focusTime).toBeLessThan(100);
          |                           ^
      212 |       });
      213 |
      214 |       test("should not have unnecessary animations", async ({ page }) => {
        at /Users/rohitagrawal/Documents/Projects/quorum-ai/e2e/tests/accessibility/accessibility.spec.ts:211:27

    attachment #1: screenshot (image/png) ──────────────────────────────────────────────────────────
    ../test-results/accessibility-accessibilit-a4eb6-d-quickly-to-keyboard-input-firefox/test-failed-1.png
    ────────────────────────────────────────────────────────────────────────────────────────────────

    attachment #2: video (video/webm) ──────────────────────────────────────────────────────────────
    ../test-results/accessibility-accessibilit-a4eb6-d-quickly-to-keyboard-input-firefox/video.webm
    ────────────────────────────────────────────────────────────────────────────────────────────────

    Error Context: ../test-results/accessibility-accessibilit-a4eb6-d-quickly-to-keyboard-input-firefox/error-context.md
]]>
</failure>
</testcase>
<testcase name="Accessibility › Performance › Fast enough for accessibility › should not have unnecessary animations" classname="accessibility/accessibility.spec.ts" time="3.067">
</testcase>
</testsuite>
<testsuite name="api-mocking/api-mocking.spec.ts" timestamp="2026-06-28T09:48:35.793Z" hostname="firefox" tests="9" failures="1" skipped="0" time="115.944" errors="1">
<testcase name="Network Mocking › API Response Mocking › should handle slow API responses gracefully" classname="api-mocking/api-mocking.spec.ts" time="6.981">
</testcase>
<testcase name="Network Mocking › API Response Mocking › should display cost when mocked" classname="api-mocking/api-mocking.spec.ts" time="5.715">
<system-out>
<![CDATA[
[[ATTACHMENT|test-results/api-mocking-api-mocking-Ne-b4807-ld-display-cost-when-mocked-firefox/test-failed-1.png]]

[[ATTACHMENT|test-results/api-mocking-api-mocking-Ne-b4807-ld-display-cost-when-mocked-firefox/video.webm]]

[[ATTACHMENT|test-results/api-mocking-api-mocking-Ne-b4807-ld-display-cost-when-mocked-firefox/error-context.md]]
]]>
</system-out>
<failure message="expect(received).toContain(expected) // indexOf" type="expect.toContain">
<![CDATA[  [firefox] › api-mocking/api-mocking.spec.ts:34:9 › Network Mocking › API Response Mocking › should display cost when mocked 

    Error: expect(received).toContain(expected) // indexOf

    Expected substring: "$"
    Received string:    ""

      56 |
      57 |       const costMessage = await page.locator("#cost-confirmation-message").textContent();
    > 58 |       expect(costMessage).toContain("$");
         |                           ^
      59 |     });
      60 |
      61 |     test("should handle model unavailability", async ({ page }) => {
        at /Users/rohitagrawal/Documents/Projects/quorum-ai/e2e/tests/api-mocking/api-mocking.spec.ts:58:27

    attachment #1: screenshot (image/png) ──────────────────────────────────────────────────────────
    ../test-results/api-mocking-api-mocking-Ne-b4807-ld-display-cost-when-mocked-firefox/test-failed-1.png
    ────────────────────────────────────────────────────────────────────────────────────────────────

    attachment #2: video (video/webm) ──────────────────────────────────────────────────────────────
    ../test-results/api-mocking-api-mocking-Ne-b4807-ld-display-cost-when-mocked-firefox/video.webm
    ────────────────────────────────────────────────────────────────────────────────────────────────

    Error Context: ../test-results/api-mocking-api-mocking-Ne-b4807-ld-display-cost-when-mocked-firefox/error-context.md
]]>
</failure>
</testcase>
<testcase name="Network Mocking › API Response Mocking › should handle model unavailability" classname="api-mocking/api-mocking.spec.ts" time="4.701">
</testcase>
<testcase name="Network Mocking › Error State Mocking › should show user-friendly error on 500" classname="api-mocking/api-mocking.spec.ts" time="11.769">
</testcase>
<testcase name="Network Mocking › Error State Mocking › should show user-friendly error on 403" classname="api-mocking/api-mocking.spec.ts" time="4.444">
</testcase>
<testcase name="Network Mocking › Error State Mocking › should handle network failures" classname="api-mocking/api-mocking.spec.ts" time="4.751">
</testcase>
<testcase name="Network Mocking › Error State Mocking › should handle timeout errors" classname="api-mocking/api-mocking.spec.ts" time="65.171">
<system-out>
<![CDATA[
[[ATTACHMENT|test-results/api-mocking-api-mocking-Ne-22f90-hould-handle-timeout-errors-firefox/test-failed-1.png]]

[[ATTACHMENT|test-results/api-mocking-api-mocking-Ne-22f90-hould-handle-timeout-errors-firefox/video.webm]]

[[ATTACHMENT|test-results/api-mocking-api-mocking-Ne-22f90-hould-handle-timeout-errors-firefox/error-context.md]]
]]>
</system-out>
<error message="Test timeout of 60000ms exceeded while running &quot;beforeEach&quot; hook." type="Error">
<![CDATA[  [firefox] › api-mocking/api-mocking.spec.ts:137:9 › Network Mocking › Error State Mocking › should handle timeout errors 

    Test timeout of 60000ms exceeded while running "beforeEach" hook.

       8 |   let workspacePage: WorkspacePage;
       9 |
    > 10 |   test.beforeEach(async ({ page }) => {
         |        ^
      11 |     workspacePage = new WorkspacePage(page);
      12 |     await workspacePage.goto();
      13 |   });
        at /Users/rohitagrawal/Documents/Projects/quorum-ai/e2e/tests/api-mocking/api-mocking.spec.ts:10:8

    Error: page.waitForLoadState: Test timeout of 60000ms exceeded.

       at ../pages/WorkspacePage.ts:96

      94 |   async goto() {
      95 |     await this.page.goto("/ui");
    > 96 |     await this.page.waitForLoadState("networkidle");
         |                     ^
      97 |   }
      98 |
      99 |   /**
        at WorkspacePage.goto (/Users/rohitagrawal/Documents/Projects/quorum-ai/e2e/pages/WorkspacePage.ts:96:21)
        at /Users/rohitagrawal/Documents/Projects/quorum-ai/e2e/tests/api-mocking/api-mocking.spec.ts:12:5

    attachment #1: screenshot (image/png) ──────────────────────────────────────────────────────────
    ../test-results/api-mocking-api-mocking-Ne-22f90-hould-handle-timeout-errors-firefox/test-failed-1.png
    ────────────────────────────────────────────────────────────────────────────────────────────────

    attachment #2: video (video/webm) ──────────────────────────────────────────────────────────────
    ../test-results/api-mocking-api-mocking-Ne-22f90-hould-handle-timeout-errors-firefox/video.webm
    ────────────────────────────────────────────────────────────────────────────────────────────────

    Error Context: ../test-results/api-mocking-api-mocking-Ne-22f90-hould-handle-timeout-errors-firefox/error-context.md
]]>
</error>
</testcase>
<testcase name="Network Mocking › Request Modification › should log outgoing requests" classname="api-mocking/api-mocking.spec.ts" time="5.81">
</testcase>
<testcase name="Network Mocking › Request Modification › should verify request payload structure" classname="api-mocking/api-mocking.spec.ts" time="6.602">
</testcase>
</testsuite>
<testsuite name="navigation/navigation.spec.ts" timestamp="2026-06-28T09:48:35.793Z" hostname="firefox" tests="10" failures="0" skipped="0" time="0.741" errors="0">
<testcase name="Navigation and API › Root Navigation › should have working root endpoint" classname="navigation/navigation.spec.ts" time="0.074">
</testcase>
<testcase name="Navigation and API › Root Navigation › should have working health endpoint" classname="navigation/navigation.spec.ts" time="0.024">
</testcase>
<testcase name="Navigation and API › Root Navigation › should have working ready endpoint" classname="navigation/navigation.spec.ts" time="0.076">
</testcase>
<testcase name="Navigation and API › Root Navigation › should have working UI endpoint" classname="navigation/navigation.spec.ts" time="0.138">
</testcase>
<testcase name="Navigation and API › Root Navigation › should have docs endpoint" classname="navigation/navigation.spec.ts" time="0.071">
</testcase>
<testcase name="Navigation and API › API Endpoints › should return model defaults" classname="navigation/navigation.spec.ts" time="0.034">
</testcase>
<testcase name="Navigation and API › API Endpoints › should accept query run estimates" classname="navigation/navigation.spec.ts" time="0.015">
</testcase>
<testcase name="Navigation and API › API Endpoints › should accept query runs" classname="navigation/navigation.spec.ts" time="0.071">
</testcase>
<testcase name="Navigation and API › API Error Handling › should handle 404 gracefully" classname="navigation/navigation.spec.ts" time="0.162">
</testcase>
<testcase name="Navigation and API › API Error Handling › should handle malformed requests" classname="navigation/navigation.spec.ts" time="0.076">
</testcase>
</testsuite>
<testsuite name="workspace/workspace.spec.ts" timestamp="2026-06-28T09:48:35.793Z" hostname="firefox" tests="17" failures="0" skipped="0" time="118.775" errors="0">
<testcase name="Quorum-AI Workspace › should load the workspace page with all expected elements" classname="workspace/workspace.spec.ts" time="4.382">
</testcase>
<testcase name="Quorum-AI Workspace › Question Input › should allow typing questions" classname="workspace/workspace.spec.ts" time="5.424">
</testcase>
<testcase name="Quorum-AI Workspace › Question Input › should handle very long questions" classname="workspace/workspace.spec.ts" time="6.067">
</testcase>
<testcase name="Quorum-AI Workspace › Question Input › Keyboard Shortcuts › should accept Ctrl+Enter for submission" classname="workspace/workspace.spec.ts" time="7.54">
</testcase>
<testcase name="Quorum-AI Workspace › Question Input › Keyboard Shortcuts › should accept Cmd+Enter on Mac for submission" classname="workspace/workspace.spec.ts" time="13.077">
</testcase>
<testcase name="Quorum-AI Workspace › Theme Functionality › should toggle between light and dark themes" classname="workspace/workspace.spec.ts" time="6.75">
</testcase>
<testcase name="Quorum-AI Workspace › Theme Functionality › should have proper contrast in both themes" classname="workspace/workspace.spec.ts" time="6.582">
</testcase>
<testcase name="Quorum-AI Workspace › Cost Estimation › should display cost estimates" classname="workspace/workspace.spec.ts" time="6.105">
</testcase>
<testcase name="Quorum-AI Workspace › Cost Estimation › should show cost info tooltip" classname="workspace/workspace.spec.ts" time="7.391">
</testcase>
<testcase name="Quorum-AI Workspace › Error Handling › should display error banner when errors occur" classname="workspace/workspace.spec.ts" time="5.359">
</testcase>
<testcase name="Quorum-AI Workspace › Error Handling › should dismiss error banners" classname="workspace/workspace.spec.ts" time="7.574">
</testcase>
<testcase name="Quorum-AI Workspace › Catalog Drift › should show catalog drift warning when models drift" classname="workspace/workspace.spec.ts" time="9.496">
</testcase>
<testcase name="Quorum-AI Workspace › Catalog Drift › should dismiss drift warning" classname="workspace/workspace.spec.ts" time="6.419">
</testcase>
<testcase name="Quorum-AI Workspace › Accessibility › should have all interactive elements accessible" classname="workspace/workspace.spec.ts" time="12.667">
</testcase>
<testcase name="Quorum-AI Workspace › Accessibility › should support keyboard navigation" classname="workspace/workspace.spec.ts" time="4.824">
</testcase>
<testcase name="Quorum-AI Workspace › Responsive Design › should work on mobile viewport" classname="workspace/workspace.spec.ts" time="4.658">
</testcase>
<testcase name="Quorum-AI Workspace › Responsive Design › should work on tablet viewport" classname="workspace/workspace.spec.ts" time="4.46">
</testcase>
</testsuite>
<testsuite name="accessibility/accessibility.spec.ts" timestamp="2026-06-28T09:48:35.793Z" hostname="webkit" tests="16" failures="2" skipped="0" time="105.438" errors="0">
<testcase name="Accessibility › Keyboard Navigation › should support full keyboard navigation" classname="accessibility/accessibility.spec.ts" time="23.163">
<system-out>
<![CDATA[
[[ATTACHMENT|test-results/accessibility-accessibilit-443b8-rt-full-keyboard-navigation-webkit/test-failed-1.png]]

[[ATTACHMENT|test-results/accessibility-accessibilit-443b8-rt-full-keyboard-navigation-webkit/video.webm]]

[[ATTACHMENT|test-results/accessibility-accessibilit-443b8-rt-full-keyboard-navigation-webkit/error-context.md]]
]]>
</system-out>
<failure message="expect(locator).toBeVisible() failed" type="expect.toBeVisible">
<![CDATA[  [webkit] › accessibility/accessibility.spec.ts:13:9 › Accessibility › Keyboard Navigation › should support full keyboard navigation 

    Error: expect(locator).toBeVisible() failed

    Locator: locator(':focus')
    Expected: visible
    Timeout: 10000ms
    Error: element(s) not found

    Call log:
      - Expect "toBeVisible" with timeout 10000ms
      - waiting for locator(':focus')


      22 |         await page.keyboard.press("Tab");
      23 |         const currentFocus = page.locator(":focus");
    > 24 |         await expect(currentFocus).toBeVisible();
         |                                    ^
      25 |       }
      26 |     });
      27 |
        at /Users/rohitagrawal/Documents/Projects/quorum-ai/e2e/tests/accessibility/accessibility.spec.ts:24:36

    attachment #1: screenshot (image/png) ──────────────────────────────────────────────────────────
    ../test-results/accessibility-accessibilit-443b8-rt-full-keyboard-navigation-webkit/test-failed-1.png
    ────────────────────────────────────────────────────────────────────────────────────────────────

    attachment #2: video (video/webm) ──────────────────────────────────────────────────────────────
    ../test-results/accessibility-accessibilit-443b8-rt-full-keyboard-navigation-webkit/video.webm
    ────────────────────────────────────────────────────────────────────────────────────────────────

    Error Context: ../test-results/accessibility-accessibilit-443b8-rt-full-keyboard-navigation-webkit/error-context.md
]]>
</failure>
</testcase>
<testcase name="Accessibility › Keyboard Navigation › should handle Shift+Tab for reverse navigation" classname="accessibility/accessibility.spec.ts" time="5.328">
</testcase>
<testcase name="Accessibility › Keyboard Navigation › should allow Enter key to activate elements" classname="accessibility/accessibility.spec.ts" time="5.818">
</testcase>
<testcase name="Accessibility › Keyboard Navigation › Screen Reader Support › should have proper ARIA landmarks" classname="accessibility/accessibility.spec.ts" time="6.134">
</testcase>
<testcase name="Accessibility › Keyboard Navigation › Screen Reader Support › should have proper labels for form elements" classname="accessibility/accessibility.spec.ts" time="6.446">
</testcase>
<testcase name="Accessibility › Keyboard Navigation › Screen Reader Support › should announce button states properly" classname="accessibility/accessibility.spec.ts" time="6.127">
</testcase>
<testcase name="Accessibility › Color and Contrast › Light Theme › should have sufficient contrast for text" classname="accessibility/accessibility.spec.ts" time="5.46">
</testcase>
<testcase name="Accessibility › Color and Contrast › Dark Theme › should have sufficient contrast in dark mode" classname="accessibility/accessibility.spec.ts" time="5.32">
</testcase>
<testcase name="Accessibility › Focus Management › should maintain focus on interaction" classname="accessibility/accessibility.spec.ts" time="6.451">
</testcase>
<testcase name="Accessibility › Focus Management › should manage focus in modals" classname="accessibility/accessibility.spec.ts" time="5.995">
</testcase>
<testcase name="Accessibility › Error Messages › should display error messages properly" classname="accessibility/accessibility.spec.ts" time="6.288">
</testcase>
<testcase name="Accessibility › Error Messages › should have visible error indicators" classname="accessibility/accessibility.spec.ts" time="4.738">
</testcase>
<testcase name="Accessibility › Responsive Accessibility › should be accessible on mobile devices" classname="accessibility/accessibility.spec.ts" time="4.97">
</testcase>
<testcase name="Accessibility › Responsive Accessibility › should be accessible on tablets" classname="accessibility/accessibility.spec.ts" time="4.542">
</testcase>
<testcase name="Accessibility › Performance › Fast enough for accessibility › should respond quickly to keyboard input" classname="accessibility/accessibility.spec.ts" time="4.471">
<system-out>
<![CDATA[
[[ATTACHMENT|test-results/accessibility-accessibilit-a4eb6-d-quickly-to-keyboard-input-webkit/test-failed-1.png]]

[[ATTACHMENT|test-results/accessibility-accessibilit-a4eb6-d-quickly-to-keyboard-input-webkit/video.webm]]

[[ATTACHMENT|test-results/accessibility-accessibilit-a4eb6-d-quickly-to-keyboard-input-webkit/error-context.md]]
]]>
</system-out>
<failure message="expect(received).toBeLessThan(expected)" type="expect.toBeLessThan">
<![CDATA[  [webkit] › accessibility/accessibility.spec.ts:205:11 › Accessibility › Performance › Fast enough for accessibility › should respond quickly to keyboard input 

    Error: expect(received).toBeLessThan(expected)

    Expected: < 100
    Received:   173

      209 |
      210 |         // Should focus within 100ms
    > 211 |         expect(focusTime).toBeLessThan(100);
          |                           ^
      212 |       });
      213 |
      214 |       test("should not have unnecessary animations", async ({ page }) => {
        at /Users/rohitagrawal/Documents/Projects/quorum-ai/e2e/tests/accessibility/accessibility.spec.ts:211:27

    attachment #1: screenshot (image/png) ──────────────────────────────────────────────────────────
    ../test-results/accessibility-accessibilit-a4eb6-d-quickly-to-keyboard-input-webkit/test-failed-1.png
    ────────────────────────────────────────────────────────────────────────────────────────────────

    attachment #2: video (video/webm) ──────────────────────────────────────────────────────────────
    ../test-results/accessibility-accessibilit-a4eb6-d-quickly-to-keyboard-input-webkit/video.webm
    ────────────────────────────────────────────────────────────────────────────────────────────────

    Error Context: ../test-results/accessibility-accessibilit-a4eb6-d-quickly-to-keyboard-input-webkit/error-context.md
]]>
</failure>
</testcase>
<testcase name="Accessibility › Performance › Fast enough for accessibility › should not have unnecessary animations" classname="accessibility/accessibility.spec.ts" time="4.187">
</testcase>
</testsuite>
<testsuite name="api-mocking/api-mocking.spec.ts" timestamp="2026-06-28T09:48:35.793Z" hostname="webkit" tests="9" failures="0" skipped="0" time="67.56" errors="0">
<testcase name="Network Mocking › API Response Mocking › should handle slow API responses gracefully" classname="api-mocking/api-mocking.spec.ts" time="8.038">
</testcase>
<testcase name="Network Mocking › API Response Mocking › should display cost when mocked" classname="api-mocking/api-mocking.spec.ts" time="4.483">
</testcase>
<testcase name="Network Mocking › API Response Mocking › should handle model unavailability" classname="api-mocking/api-mocking.spec.ts" time="9.582">
</testcase>
<testcase name="Network Mocking › Error State Mocking › should show user-friendly error on 500" classname="api-mocking/api-mocking.spec.ts" time="9.663">
</testcase>
<testcase name="Network Mocking › Error State Mocking › should show user-friendly error on 403" classname="api-mocking/api-mocking.spec.ts" time="7.105">
</testcase>
<testcase name="Network Mocking › Error State Mocking › should handle network failures" classname="api-mocking/api-mocking.spec.ts" time="8.367">
</testcase>
<testcase name="Network Mocking › Error State Mocking › should handle timeout errors" classname="api-mocking/api-mocking.spec.ts" time="7.507">
</testcase>
<testcase name="Network Mocking › Request Modification › should log outgoing requests" classname="api-mocking/api-mocking.spec.ts" time="5.502">
</testcase>
<testcase name="Network Mocking › Request Modification › should verify request payload structure" classname="api-mocking/api-mocking.spec.ts" time="7.313">
</testcase>
</testsuite>
<testsuite name="navigation/navigation.spec.ts" timestamp="2026-06-28T09:48:35.793Z" hostname="webkit" tests="10" failures="0" skipped="0" time="0.914" errors="0">
<testcase name="Navigation and API › Root Navigation › should have working root endpoint" classname="navigation/navigation.spec.ts" time="0.312">
</testcase>
<testcase name="Navigation and API › Root Navigation › should have working health endpoint" classname="navigation/navigation.spec.ts" time="0.072">
</testcase>
<testcase name="Navigation and API › Root Navigation › should have working ready endpoint" classname="navigation/navigation.spec.ts" time="0.131">
</testcase>
<testcase name="Navigation and API › Root Navigation › should have working UI endpoint" classname="navigation/navigation.spec.ts" time="0.088">
</testcase>
<testcase name="Navigation and API › Root Navigation › should have docs endpoint" classname="navigation/navigation.spec.ts" time="0.087">
</testcase>
<testcase name="Navigation and API › API Endpoints › should return model defaults" classname="navigation/navigation.spec.ts" time="0.094">
</testcase>
<testcase name="Navigation and API › API Endpoints › should accept query run estimates" classname="navigation/navigation.spec.ts" time="0.052">
</testcase>
<testcase name="Navigation and API › API Endpoints › should accept query runs" classname="navigation/navigation.spec.ts" time="0.025">
</testcase>
<testcase name="Navigation and API › API Error Handling › should handle 404 gracefully" classname="navigation/navigation.spec.ts" time="0.019">
</testcase>
<testcase name="Navigation and API › API Error Handling › should handle malformed requests" classname="navigation/navigation.spec.ts" time="0.034">
</testcase>
</testsuite>
<testsuite name="workspace/workspace.spec.ts" timestamp="2026-06-28T09:48:35.793Z" hostname="webkit" tests="17" failures="0" skipped="0" time="121.95" errors="0">
<testcase name="Quorum-AI Workspace › should load the workspace page with all expected elements" classname="workspace/workspace.spec.ts" time="6.337">
</testcase>
<testcase name="Quorum-AI Workspace › Question Input › should allow typing questions" classname="workspace/workspace.spec.ts" time="7.083">
</testcase>
<testcase name="Quorum-AI Workspace › Question Input › should handle very long questions" classname="workspace/workspace.spec.ts" time="6.752">
</testcase>
<testcase name="Quorum-AI Workspace › Question Input › Keyboard Shortcuts › should accept Ctrl+Enter for submission" classname="workspace/workspace.spec.ts" time="6.85">
</testcase>
<testcase name="Quorum-AI Workspace › Question Input › Keyboard Shortcuts › should accept Cmd+Enter on Mac for submission" classname="workspace/workspace.spec.ts" time="7.821">
</testcase>
<testcase name="Quorum-AI Workspace › Theme Functionality › should toggle between light and dark themes" classname="workspace/workspace.spec.ts" time="7.847">
</testcase>
<testcase name="Quorum-AI Workspace › Theme Functionality › should have proper contrast in both themes" classname="workspace/workspace.spec.ts" time="9.069">
</testcase>
<testcase name="Quorum-AI Workspace › Cost Estimation › should display cost estimates" classname="workspace/workspace.spec.ts" time="8.232">
</testcase>
<testcase name="Quorum-AI Workspace › Cost Estimation › should show cost info tooltip" classname="workspace/workspace.spec.ts" time="7.993">
</testcase>
<testcase name="Quorum-AI Workspace › Error Handling › should display error banner when errors occur" classname="workspace/workspace.spec.ts" time="6.478">
</testcase>
<testcase name="Quorum-AI Workspace › Error Handling › should dismiss error banners" classname="workspace/workspace.spec.ts" time="8.744">
</testcase>
<testcase name="Quorum-AI Workspace › Catalog Drift › should show catalog drift warning when models drift" classname="workspace/workspace.spec.ts" time="8.581">
</testcase>
<testcase name="Quorum-AI Workspace › Catalog Drift › should dismiss drift warning" classname="workspace/workspace.spec.ts" time="6.882">
</testcase>
<testcase name="Quorum-AI Workspace › Accessibility › should have all interactive elements accessible" classname="workspace/workspace.spec.ts" time="10.869">
</testcase>
<testcase name="Quorum-AI Workspace › Accessibility › should support keyboard navigation" classname="workspace/workspace.spec.ts" time="4.743">
</testcase>
<testcase name="Quorum-AI Workspace › Responsive Design › should work on mobile viewport" classname="workspace/workspace.spec.ts" time="3.74">
</testcase>
<testcase name="Quorum-AI Workspace › Responsive Design › should work on tablet viewport" classname="workspace/workspace.spec.ts" time="3.929">
</testcase>
</testsuite>
<testsuite name="accessibility/accessibility.spec.ts" timestamp="2026-06-28T09:48:35.793Z" hostname="mobile" tests="16" failures="2" skipped="0" time="93.031" errors="0">
<testcase name="Accessibility › Keyboard Navigation › should support full keyboard navigation" classname="accessibility/accessibility.spec.ts" time="20.098">
<system-out>
<![CDATA[
[[ATTACHMENT|test-results/accessibility-accessibilit-443b8-rt-full-keyboard-navigation-mobile/test-failed-1.png]]

[[ATTACHMENT|test-results/accessibility-accessibilit-443b8-rt-full-keyboard-navigation-mobile/video.webm]]

[[ATTACHMENT|test-results/accessibility-accessibilit-443b8-rt-full-keyboard-navigation-mobile/error-context.md]]
]]>
</system-out>
<failure message="expect(locator).toBeVisible() failed" type="expect.toBeVisible">
<![CDATA[  [mobile] › accessibility/accessibility.spec.ts:13:9 › Accessibility › Keyboard Navigation › should support full keyboard navigation 

    Error: expect(locator).toBeVisible() failed

    Locator: locator(':focus')
    Expected: visible
    Timeout: 10000ms
    Error: element(s) not found

    Call log:
      - Expect "toBeVisible" with timeout 10000ms
      - waiting for locator(':focus')


      22 |         await page.keyboard.press("Tab");
      23 |         const currentFocus = page.locator(":focus");
    > 24 |         await expect(currentFocus).toBeVisible();
         |                                    ^
      25 |       }
      26 |     });
      27 |
        at /Users/rohitagrawal/Documents/Projects/quorum-ai/e2e/tests/accessibility/accessibility.spec.ts:24:36

    attachment #1: screenshot (image/png) ──────────────────────────────────────────────────────────
    ../test-results/accessibility-accessibilit-443b8-rt-full-keyboard-navigation-mobile/test-failed-1.png
    ────────────────────────────────────────────────────────────────────────────────────────────────

    attachment #2: video (video/webm) ──────────────────────────────────────────────────────────────
    ../test-results/accessibility-accessibilit-443b8-rt-full-keyboard-navigation-mobile/video.webm
    ────────────────────────────────────────────────────────────────────────────────────────────────

    Error Context: ../test-results/accessibility-accessibilit-443b8-rt-full-keyboard-navigation-mobile/error-context.md
]]>
</failure>
</testcase>
<testcase name="Accessibility › Keyboard Navigation › should handle Shift+Tab for reverse navigation" classname="accessibility/accessibility.spec.ts" time="5.962">
</testcase>
<testcase name="Accessibility › Keyboard Navigation › should allow Enter key to activate elements" classname="accessibility/accessibility.spec.ts" time="6.363">
</testcase>
<testcase name="Accessibility › Keyboard Navigation › Screen Reader Support › should have proper ARIA landmarks" classname="accessibility/accessibility.spec.ts" time="7.01">
</testcase>
<testcase name="Accessibility › Keyboard Navigation › Screen Reader Support › should have proper labels for form elements" classname="accessibility/accessibility.spec.ts" time="6.06">
</testcase>
<testcase name="Accessibility › Keyboard Navigation › Screen Reader Support › should announce button states properly" classname="accessibility/accessibility.spec.ts" time="3.512">
</testcase>
<testcase name="Accessibility › Color and Contrast › Light Theme › should have sufficient contrast for text" classname="accessibility/accessibility.spec.ts" time="3.831">
</testcase>
<testcase name="Accessibility › Color and Contrast › Dark Theme › should have sufficient contrast in dark mode" classname="accessibility/accessibility.spec.ts" time="4.061">
</testcase>
<testcase name="Accessibility › Focus Management › should maintain focus on interaction" classname="accessibility/accessibility.spec.ts" time="3.702">
</testcase>
<testcase name="Accessibility › Focus Management › should manage focus in modals" classname="accessibility/accessibility.spec.ts" time="5.058">
</testcase>
<testcase name="Accessibility › Error Messages › should display error messages properly" classname="accessibility/accessibility.spec.ts" time="5.027">
</testcase>
<testcase name="Accessibility › Error Messages › should have visible error indicators" classname="accessibility/accessibility.spec.ts" time="4.169">
</testcase>
<testcase name="Accessibility › Responsive Accessibility › should be accessible on mobile devices" classname="accessibility/accessibility.spec.ts" time="4.924">
</testcase>
<testcase name="Accessibility › Responsive Accessibility › should be accessible on tablets" classname="accessibility/accessibility.spec.ts" time="3.993">
</testcase>
<testcase name="Accessibility › Performance › Fast enough for accessibility › should respond quickly to keyboard input" classname="accessibility/accessibility.spec.ts" time="4.606">
<system-out>
<![CDATA[
[[ATTACHMENT|test-results/accessibility-accessibilit-a4eb6-d-quickly-to-keyboard-input-mobile/test-failed-1.png]]

[[ATTACHMENT|test-results/accessibility-accessibilit-a4eb6-d-quickly-to-keyboard-input-mobile/video.webm]]

[[ATTACHMENT|test-results/accessibility-accessibilit-a4eb6-d-quickly-to-keyboard-input-mobile/error-context.md]]
]]>
</system-out>
<failure message="expect(received).toBeLessThan(expected)" type="expect.toBeLessThan">
<![CDATA[  [mobile] › accessibility/accessibility.spec.ts:205:11 › Accessibility › Performance › Fast enough for accessibility › should respond quickly to keyboard input 

    Error: expect(received).toBeLessThan(expected)

    Expected: < 100
    Received:   214

      209 |
      210 |         // Should focus within 100ms
    > 211 |         expect(focusTime).toBeLessThan(100);
          |                           ^
      212 |       });
      213 |
      214 |       test("should not have unnecessary animations", async ({ page }) => {
        at /Users/rohitagrawal/Documents/Projects/quorum-ai/e2e/tests/accessibility/accessibility.spec.ts:211:27

    attachment #1: screenshot (image/png) ──────────────────────────────────────────────────────────
    ../test-results/accessibility-accessibilit-a4eb6-d-quickly-to-keyboard-input-mobile/test-failed-1.png
    ────────────────────────────────────────────────────────────────────────────────────────────────

    attachment #2: video (video/webm) ──────────────────────────────────────────────────────────────
    ../test-results/accessibility-accessibilit-a4eb6-d-quickly-to-keyboard-input-mobile/video.webm
    ────────────────────────────────────────────────────────────────────────────────────────────────

    Error Context: ../test-results/accessibility-accessibilit-a4eb6-d-quickly-to-keyboard-input-mobile/error-context.md
]]>
</failure>
</testcase>
<testcase name="Accessibility › Performance › Fast enough for accessibility › should not have unnecessary animations" classname="accessibility/accessibility.spec.ts" time="4.655">
</testcase>
</testsuite>
<testsuite name="api-mocking/api-mocking.spec.ts" timestamp="2026-06-28T09:48:35.793Z" hostname="mobile" tests="9" failures="0" skipped="0" time="51.591" errors="0">
<testcase name="Network Mocking › API Response Mocking › should handle slow API responses gracefully" classname="api-mocking/api-mocking.spec.ts" time="7.756">
</testcase>
<testcase name="Network Mocking › API Response Mocking › should display cost when mocked" classname="api-mocking/api-mocking.spec.ts" time="3.955">
</testcase>
<testcase name="Network Mocking › API Response Mocking › should handle model unavailability" classname="api-mocking/api-mocking.spec.ts" time="6.813">
</testcase>
<testcase name="Network Mocking › Error State Mocking › should show user-friendly error on 500" classname="api-mocking/api-mocking.spec.ts" time="3.27">
</testcase>
<testcase name="Network Mocking › Error State Mocking › should show user-friendly error on 403" classname="api-mocking/api-mocking.spec.ts" time="7.014">
</testcase>
<testcase name="Network Mocking › Error State Mocking › should handle network failures" classname="api-mocking/api-mocking.spec.ts" time="4.276">
</testcase>
<testcase name="Network Mocking › Error State Mocking › should handle timeout errors" classname="api-mocking/api-mocking.spec.ts" time="6.26">
</testcase>
<testcase name="Network Mocking › Request Modification › should log outgoing requests" classname="api-mocking/api-mocking.spec.ts" time="5.759">
</testcase>
<testcase name="Network Mocking › Request Modification › should verify request payload structure" classname="api-mocking/api-mocking.spec.ts" time="6.488">
</testcase>
</testsuite>
<testsuite name="navigation/navigation.spec.ts" timestamp="2026-06-28T09:48:35.793Z" hostname="mobile" tests="10" failures="0" skipped="0" time="1.257" errors="0">
<testcase name="Navigation and API › Root Navigation › should have working root endpoint" classname="navigation/navigation.spec.ts" time="0.275">
</testcase>
<testcase name="Navigation and API › Root Navigation › should have working health endpoint" classname="navigation/navigation.spec.ts" time="0.157">
</testcase>
<testcase name="Navigation and API › Root Navigation › should have working ready endpoint" classname="navigation/navigation.spec.ts" time="0.183">
</testcase>
<testcase name="Navigation and API › Root Navigation › should have working UI endpoint" classname="navigation/navigation.spec.ts" time="0.205">
</testcase>
<testcase name="Navigation and API › Root Navigation › should have docs endpoint" classname="navigation/navigation.spec.ts" time="0.027">
</testcase>
<testcase name="Navigation and API › API Endpoints › should return model defaults" classname="navigation/navigation.spec.ts" time="0.19">
</testcase>
<testcase name="Navigation and API › API Endpoints › should accept query run estimates" classname="navigation/navigation.spec.ts" time="0.025">
</testcase>
<testcase name="Navigation and API › API Endpoints › should accept query runs" classname="navigation/navigation.spec.ts" time="0.102">
</testcase>
<testcase name="Navigation and API › API Error Handling › should handle 404 gracefully" classname="navigation/navigation.spec.ts" time="0.023">
</testcase>
<testcase name="Navigation and API › API Error Handling › should handle malformed requests" classname="navigation/navigation.spec.ts" time="0.07">
</testcase>
</testsuite>
<testsuite name="workspace/workspace.spec.ts" timestamp="2026-06-28T09:48:35.793Z" hostname="mobile" tests="17" failures="1" skipped="0" time="77.872" errors="0">
<testcase name="Quorum-AI Workspace › should load the workspace page with all expected elements" classname="workspace/workspace.spec.ts" time="4.047">
</testcase>
<testcase name="Quorum-AI Workspace › Question Input › should allow typing questions" classname="workspace/workspace.spec.ts" time="3.759">
</testcase>
<testcase name="Quorum-AI Workspace › Question Input › should handle very long questions" classname="workspace/workspace.spec.ts" time="4.443">
</testcase>
<testcase name="Quorum-AI Workspace › Question Input › Keyboard Shortcuts › should accept Ctrl+Enter for submission" classname="workspace/workspace.spec.ts" time="4.459">
</testcase>
<testcase name="Quorum-AI Workspace › Question Input › Keyboard Shortcuts › should accept Cmd+Enter on Mac for submission" classname="workspace/workspace.spec.ts" time="5.272">
</testcase>
<testcase name="Quorum-AI Workspace › Theme Functionality › should toggle between light and dark themes" classname="workspace/workspace.spec.ts" time="4.688">
</testcase>
<testcase name="Quorum-AI Workspace › Theme Functionality › should have proper contrast in both themes" classname="workspace/workspace.spec.ts" time="4.453">
</testcase>
<testcase name="Quorum-AI Workspace › Cost Estimation › should display cost estimates" classname="workspace/workspace.spec.ts" time="5.309">
</testcase>
<testcase name="Quorum-AI Workspace › Cost Estimation › should show cost info tooltip" classname="workspace/workspace.spec.ts" time="5.757">
</testcase>
<testcase name="Quorum-AI Workspace › Error Handling › should display error banner when errors occur" classname="workspace/workspace.spec.ts" time="4.725">
</testcase>
<testcase name="Quorum-AI Workspace › Error Handling › should dismiss error banners" classname="workspace/workspace.spec.ts" time="5.362">
</testcase>
<testcase name="Quorum-AI Workspace › Catalog Drift › should show catalog drift warning when models drift" classname="workspace/workspace.spec.ts" time="8.664">
<system-out>
<![CDATA[
[[ATTACHMENT|test-results/workspace-workspace-Quorum-55cab-t-warning-when-models-drift-mobile/test-failed-1.png]]

[[ATTACHMENT|test-results/workspace-workspace-Quorum-55cab-t-warning-when-models-drift-mobile/video.webm]]

[[ATTACHMENT|test-results/workspace-workspace-Quorum-55cab-t-warning-when-models-drift-mobile/error-context.md]]
]]>
</system-out>
<failure message="expect(locator).toBeVisible() failed" type="expect.toBeVisible">
<![CDATA[  [mobile] › workspace/workspace.spec.ts:173:9 › Quorum-AI Workspace › Catalog Drift › should show catalog drift warning when models drift 

    Error: expect(locator).toBeVisible() failed

    Locator: locator('#drift-region:not([hidden])')
    Expected: visible
    Timeout: 5000ms
    Error: element(s) not found

    Call log:
      - Expect "toBeVisible" with timeout 5000ms
      - waiting for locator('#drift-region:not([hidden])')


      189 |
      190 |       // Wait for drift banner to appear
    > 191 |       await expect(page.locator("#drift-region:not([hidden])")).toBeVisible({
          |                                                                 ^
      192 |         timeout: 5000,
      193 |       });
      194 |     });
        at /Users/rohitagrawal/Documents/Projects/quorum-ai/e2e/tests/workspace/workspace.spec.ts:191:65

    attachment #1: screenshot (image/png) ──────────────────────────────────────────────────────────
    ../test-results/workspace-workspace-Quorum-55cab-t-warning-when-models-drift-mobile/test-failed-1.png
    ────────────────────────────────────────────────────────────────────────────────────────────────

    attachment #2: video (video/webm) ──────────────────────────────────────────────────────────────
    ../test-results/workspace-workspace-Quorum-55cab-t-warning-when-models-drift-mobile/video.webm
    ────────────────────────────────────────────────────────────────────────────────────────────────

    Error Context: ../test-results/workspace-workspace-Quorum-55cab-t-warning-when-models-drift-mobile/error-context.md
]]>
</failure>
</testcase>
<testcase name="Quorum-AI Workspace › Catalog Drift › should dismiss drift warning" classname="workspace/workspace.spec.ts" time="3.615">
</testcase>
<testcase name="Quorum-AI Workspace › Accessibility › should have all interactive elements accessible" classname="workspace/workspace.spec.ts" time="4.382">
</testcase>
<testcase name="Quorum-AI Workspace › Accessibility › should support keyboard navigation" classname="workspace/workspace.spec.ts" time="2.816">
</testcase>
<testcase name="Quorum-AI Workspace › Responsive Design › should work on mobile viewport" classname="workspace/workspace.spec.ts" time="2.849">
</testcase>
<testcase name="Quorum-AI Workspace › Responsive Design › should work on tablet viewport" classname="workspace/workspace.spec.ts" time="3.272">
</testcase>
</testsuite>
</testsuites>